<?xml version="1.0" encoding="UTF-8"?>
<!-- Generated by org.testng.reporters.JUnitReportReporter -->
<testsuite hostname="DESKTOP-ONGOORI" failures="0" tests="1" name="com.testscripts.ThirdTest" time="3.819" errors="0" timestamp="15 Apr 2018 06:37:24 GMT" skipped="0">
  <testcase classname="com.testscripts.ThirdTest" name="handleAlert" time="3.819"/>
</testsuite> <!-- com.testscripts.ThirdTest -->
