<?xml version="1.0" encoding="UTF-8"?>
<!-- Generated by org.testng.reporters.JUnitReportReporter -->
<testsuite skipped="0" hostname="Prakat-L052" name="com.testscripts.Xyz" tests="6" failures="0" timestamp="04 Apr 2018 05:54:57 GMT" time="0.034" errors="0">
  <testcase name="a" time="0.012" classname="com.testscripts.Xyz"/>
  <testcase name="c" time="0.003" classname="com.testscripts.Xyz"/>
  <testcase name="c" time="0.003" classname="com.testscripts.Xyz"/>
  <testcase name="b" time="0.002" classname="com.testscripts.Xyz"/>
  <testcase name="a" time="0.012" classname="com.testscripts.Xyz"/>
  <testcase name="b" time="0.002" classname="com.testscripts.Xyz"/>
</testsuite> <!-- com.testscripts.Xyz -->
