<?xml version="1.0" encoding="UTF-8"?>
<!-- Generated by org.testng.reporters.JUnitReportReporter -->
<testsuite skipped="0" hostname="Prakat-L052" name="com.testscripts.TestScenarioWithMultipleData" tests="1" failures="0" timestamp="28 Mar 2018 04:50:30 GMT" time="9.611" errors="0">
  <testcase name="demo" time="9.611" classname="com.testscripts.TestScenarioWithMultipleData"/>
</testsuite> <!-- com.testscripts.TestScenarioWithMultipleData -->
