<?xml version="1.0" encoding="UTF-8"?>
<!-- Generated by org.testng.reporters.JUnitReportReporter -->
<testsuite hostname="DESKTOP-ONGOORI" failures="0" tests="1" name="com.testscripts.SecondTest" time="19.306" errors="0" timestamp="15 Apr 2018 10:39:22 GMT" skipped="0">
  <testcase classname="com.testscripts.SecondTest" name="handleChildWindow" time="19.306"/>
</testsuite> <!-- com.testscripts.SecondTest -->
