<?xml version="1.0" encoding="UTF-8"?>
<!-- Generated by org.testng.reporters.JUnitReportReporter -->
<testsuite skipped="0" hostname="Prakat-L052" name="com.testscripts.Demo1" tests="3" failures="0" timestamp="04 Apr 2018 05:15:42 GMT" time="0.015" errors="0">
  <testcase name="demo1" time="0.009" classname="com.testscripts.Demo1"/>
  <testcase name="demo2" time="0.001" classname="com.testscripts.Demo1"/>
  <testcase name="demo" time="0.005" classname="com.testscripts.Demo1"/>
</testsuite> <!-- com.testscripts.Demo1 -->
