<?xml version="1.0" encoding="UTF-8"?>
<!-- Generated by org.testng.reporters.JUnitReportReporter -->
<testsuite skipped="0" hostname="Prakat-L052" name="com.testscripts.Pqr" tests="6" failures="0" timestamp="04 Apr 2018 05:54:57 GMT" time="0.020" errors="0">
  <testcase name="b" time="0.007" classname="com.testscripts.Pqr"/>
  <testcase name="c" time="0.002" classname="com.testscripts.Pqr"/>
  <testcase name="a" time="0.001" classname="com.testscripts.Pqr"/>
  <testcase name="a" time="0.002" classname="com.testscripts.Pqr"/>
  <testcase name="b" time="0.004" classname="com.testscripts.Pqr"/>
  <testcase name="c" time="0.004" classname="com.testscripts.Pqr"/>
</testsuite> <!-- com.testscripts.Pqr -->
