<?xml version="1.0" encoding="UTF-8"?>
<!-- Generated by org.testng.reporters.JUnitReportReporter -->
<testsuite skipped="0" hostname="Prakat-L052" name="com.testscripts.Demo2" tests="3" failures="0" timestamp="04 Apr 2018 05:15:42 GMT" time="0.040" errors="0">
  <testcase name="demo1" time="0.018" classname="com.testscripts.Demo2"/>
  <testcase name="demo2" time="0.004" classname="com.testscripts.Demo2"/>
  <testcase name="demo" time="0.018" classname="com.testscripts.Demo2"/>
</testsuite> <!-- com.testscripts.Demo2 -->
